0 info it worked if it ends with ok
1 verbose cli [ '/Users/yujishono/.nodebrew/node/v6.9.1/bin/node',
1 verbose cli   '/Users/yujishono/.nodebrew/current/bin/npm',
1 verbose cli   'start' ]
2 info using npm@3.10.8
3 info using node@v6.9.1
4 verbose run-script [ 'prestart', 'start', 'poststart' ]
5 info lifecycle swagger-petstore@1.0.0~prestart: swagger-petstore@1.0.0
6 verbose lifecycle swagger-petstore@1.0.0~prestart: unsafe-perm in lifecycle true
7 verbose lifecycle swagger-petstore@1.0.0~prestart: PATH: /Users/yujishono/.nodebrew/node/v6.9.1/lib/node_modules/npm/bin/node-gyp-bin:/Users/yujishono/swagger/codegenSample2/node_modules/.bin:/Users/yujishono/.nodebrew/node/v6.9.1/bin:/Users/yujishono/.nodebrew/current/bin:/Applications/gradle-2.1/bin:/Applications/apache-maven-3.3.9/bin:/usr/local:/Users/yujishono/Library/Android/sdk/platform-tools:/Users/yujishono/go/third-party/bin:/Users/yujishono/go/my-project/bin:/usr/local/bin:/usr/bin:/bin:/usr/sbin:/sbin:/usr/local/go/bin
8 verbose lifecycle swagger-petstore@1.0.0~prestart: CWD: /Users/yujishono/swagger/codegenSample2
9 silly lifecycle swagger-petstore@1.0.0~prestart: Args: [ '-c', 'npm install' ]
10 silly lifecycle swagger-petstore@1.0.0~prestart: Returned: code: 0  signal: null
11 info lifecycle swagger-petstore@1.0.0~start: swagger-petstore@1.0.0
12 verbose lifecycle swagger-petstore@1.0.0~start: unsafe-perm in lifecycle true
13 verbose lifecycle swagger-petstore@1.0.0~start: PATH: /Users/yujishono/.nodebrew/node/v6.9.1/lib/node_modules/npm/bin/node-gyp-bin:/Users/yujishono/swagger/codegenSample2/node_modules/.bin:/Users/yujishono/.nodebrew/node/v6.9.1/bin:/Users/yujishono/.nodebrew/current/bin:/Applications/gradle-2.1/bin:/Applications/apache-maven-3.3.9/bin:/usr/local:/Users/yujishono/Library/Android/sdk/platform-tools:/Users/yujishono/go/third-party/bin:/Users/yujishono/go/my-project/bin:/usr/local/bin:/usr/bin:/bin:/usr/sbin:/sbin:/usr/local/go/bin
14 verbose lifecycle swagger-petstore@1.0.0~start: CWD: /Users/yujishono/swagger/codegenSample2
15 silly lifecycle swagger-petstore@1.0.0~start: Args: [ '-c', 'node index.js' ]
16 silly lifecycle swagger-petstore@1.0.0~start: Returned: code: 1  signal: null
17 info lifecycle swagger-petstore@1.0.0~start: Failed to exec start script
18 verbose stack Error: swagger-petstore@1.0.0 start: `node index.js`
18 verbose stack Exit status 1
18 verbose stack     at EventEmitter.<anonymous> (/Users/yujishono/.nodebrew/node/v6.9.1/lib/node_modules/npm/lib/utils/lifecycle.js:255:16)
18 verbose stack     at emitTwo (events.js:106:13)
18 verbose stack     at EventEmitter.emit (events.js:191:7)
18 verbose stack     at ChildProcess.<anonymous> (/Users/yujishono/.nodebrew/node/v6.9.1/lib/node_modules/npm/lib/utils/spawn.js:40:14)
18 verbose stack     at emitTwo (events.js:106:13)
18 verbose stack     at ChildProcess.emit (events.js:191:7)
18 verbose stack     at maybeClose (internal/child_process.js:877:16)
18 verbose stack     at Process.ChildProcess._handle.onexit (internal/child_process.js:226:5)
19 verbose pkgid swagger-petstore@1.0.0
20 verbose cwd /Users/yujishono/swagger/codegenSample2
21 error Darwin 16.3.0
22 error argv "/Users/yujishono/.nodebrew/node/v6.9.1/bin/node" "/Users/yujishono/.nodebrew/current/bin/npm" "start"
23 error node v6.9.1
24 error npm  v3.10.8
25 error code ELIFECYCLE
26 error swagger-petstore@1.0.0 start: `node index.js`
26 error Exit status 1
27 error Failed at the swagger-petstore@1.0.0 start script 'node index.js'.
27 error Make sure you have the latest version of node.js and npm installed.
27 error If you do, this is most likely a problem with the swagger-petstore package,
27 error not with npm itself.
27 error Tell the author that this fails on your system:
27 error     node index.js
27 error You can get information on how to open an issue for this project with:
27 error     npm bugs swagger-petstore
27 error Or if that isn't available, you can get their info via:
27 error     npm owner ls swagger-petstore
27 error There is likely additional logging output above.
28 verbose exit [ 1, true ]
